c:\users\desktop\desktop\301cr\301cr\301cr\debug\vc142.pdb
c:\users\desktop\desktop\301cr\301cr\301cr\debug\vc142.idb
c:\users\desktop\desktop\301cr\301cr\301cr\debug\vector3.obj
c:\users\desktop\desktop\301cr\301cr\301cr\debug\texture.obj
c:\users\desktop\desktop\301cr\301cr\301cr\debug\sprite.obj
c:\users\desktop\desktop\301cr\301cr\301cr\debug\rigidbody.obj
c:\users\desktop\desktop\301cr\301cr\301cr\debug\rect.obj
c:\users\desktop\desktop\301cr\301cr\301cr\debug\pipemanager.obj
c:\users\desktop\desktop\301cr\301cr\301cr\debug\pipe.obj
c:\users\desktop\desktop\301cr\301cr\301cr\debug\mouse.obj
c:\users\desktop\desktop\301cr\301cr\301cr\debug\math.obj
c:\users\desktop\desktop\301cr\301cr\301cr\debug\keyboard.obj
c:\users\desktop\desktop\301cr\301cr\301cr\debug\inputmanager.obj
c:\users\desktop\desktop\301cr\301cr\301cr\debug\gamemanager.obj
c:\users\desktop\desktop\301cr\301cr\301cr\debug\flapper.obj
c:\users\desktop\desktop\301cr\301cr\301cr\debug\engine.obj
c:\users\desktop\desktop\301cr\301cr\301cr\debug\audio.obj
c:\users\desktop\desktop\301cr\301cr\301cr\debug\301cr.obj
c:\users\desktop\desktop\301cr\301cr\debug\301cr.pdb
c:\users\desktop\desktop\301cr\301cr\301cr\debug\301cr.tlog\cl.command.1.tlog
c:\users\desktop\desktop\301cr\301cr\301cr\debug\301cr.tlog\cl.read.1.tlog
c:\users\desktop\desktop\301cr\301cr\301cr\debug\301cr.tlog\cl.write.1.tlog
c:\users\desktop\desktop\301cr\301cr\301cr\debug\301cr.tlog\link-cvtres.read.1.tlog
c:\users\desktop\desktop\301cr\301cr\301cr\debug\301cr.tlog\link-cvtres.write.1.tlog
c:\users\desktop\desktop\301cr\301cr\301cr\debug\301cr.tlog\link-rc.read.1.tlog
c:\users\desktop\desktop\301cr\301cr\301cr\debug\301cr.tlog\link-rc.write.1.tlog
c:\users\desktop\desktop\301cr\301cr\301cr\debug\301cr.tlog\link.command.1.tlog
c:\users\desktop\desktop\301cr\301cr\301cr\debug\301cr.tlog\link.read.1.tlog
c:\users\desktop\desktop\301cr\301cr\301cr\debug\301cr.tlog\link.write.1.tlog
